[2024-05-24 17:09:28,543: INFO: main: Welcome  to custom log]
[2024-05-25 11:52:04,524: INFO: main: Welcome  to custom log]
[2024-05-26 17:37:32,856: INFO: common: yaml file: config\config.yaml loaded successfully]
[2024-05-26 17:37:32,902: INFO: common: yaml file: params.yaml loaded successfully]
[2024-05-26 17:37:32,905: INFO: common: created directory at: artifacts]
[2024-05-26 17:37:32,908: INFO: common: created directory at: artifacts/data_ingestion]
[2024-05-26 17:38:35,193: INFO: common: yaml file: config\config.yaml loaded successfully]
[2024-05-26 17:38:35,196: INFO: common: yaml file: params.yaml loaded successfully]
[2024-05-26 17:38:35,198: INFO: common: created directory at: artifacts]
[2024-05-26 17:38:35,494: INFO: common: created directory at: artifacts/data_ingestion]
[2024-05-26 17:41:25,888: INFO: common: yaml file: config\config.yaml loaded successfully]
[2024-05-26 17:41:25,891: INFO: common: yaml file: params.yaml loaded successfully]
[2024-05-26 17:41:25,893: INFO: common: created directory at: artifacts]
[2024-05-26 17:41:25,895: INFO: common: created directory at: artifacts/data_ingestion]
[2024-05-26 17:49:49,758: INFO: common: yaml file: config\config.yaml loaded successfully]
[2024-05-26 17:49:49,761: INFO: common: yaml file: params.yaml loaded successfully]
[2024-05-26 17:49:49,763: INFO: common: created directory at: artifacts]
[2024-05-26 17:49:49,764: INFO: common: created directory at: artifacts/data_ingestion]
[2024-05-26 17:49:49,766: INFO: 2845006334: Downloading data from https://drive.google.com/file/d/1vlhZ5c7abUKF8xXERIw6m9Te8fW7ohw3/view?usp=sharing into file artifacts/data_ingestion/data.zip]
[2024-05-26 17:49:57,979: INFO: 2845006334: Downloaded data from https://drive.google.com/file/d/1vlhZ5c7abUKF8xXERIw6m9Te8fW7ohw3/view?usp=sharing into file artifacts/data_ingestion/data.zip]
[2024-05-26 18:16:40,055: INFO: main: >>>>>> stage Data Ingestion stage started <<<<<<]
[2024-05-26 18:16:40,057: INFO: common: yaml file: config\config.yaml loaded successfully]
[2024-05-26 18:16:40,061: INFO: common: yaml file: params.yaml loaded successfully]
[2024-05-26 18:16:40,063: INFO: common: created directory at: artifacts]
[2024-05-26 18:16:40,064: INFO: common: created directory at: artifacts/data_ingestion]
[2024-05-26 18:16:40,064: INFO: data_ingestion: Downloading data from https://drive.google.com/file/d/1vlhZ5c7abUKF8xXERIw6m9Te8fW7ohw3/view?usp=sharing into file artifacts/data_ingestion/data.zip]
[2024-05-26 18:16:52,159: INFO: data_ingestion: Downloaded data from https://drive.google.com/file/d/1vlhZ5c7abUKF8xXERIw6m9Te8fW7ohw3/view?usp=sharing into file artifacts/data_ingestion/data.zip]
[2024-05-26 18:16:52,989: INFO: main: >>>>>> stage Data Ingestion stage completed <<<<<<

x==========x]
[2024-05-26 18:45:23,937: INFO: common: yaml file: config\config.yaml loaded successfully]
[2024-05-26 18:45:23,958: INFO: common: yaml file: params.yaml loaded successfully]
[2024-05-26 18:45:23,961: INFO: common: created directory at: artifacts]
[2024-05-26 18:45:23,963: INFO: common: created directory at: artifacts/prepare_base_model]
[2024-05-26 18:45:34,089: WARNING: saving_utils: Compiled the loaded model, but the compiled metrics have yet to be built. `model.compile_metrics` will be empty until you train or evaluate the model.]
[2024-05-26 19:00:09,046: INFO: main: >>>>>> stage Data Ingestion stage started <<<<<<]
[2024-05-26 19:00:09,048: INFO: common: yaml file: config\config.yaml loaded successfully]
[2024-05-26 19:00:09,051: INFO: common: yaml file: params.yaml loaded successfully]
[2024-05-26 19:00:09,053: INFO: common: created directory at: artifacts]
[2024-05-26 19:00:09,053: ERROR: main: 'ConfigurationManager' object has no attribute 'get_data_ingestion_config']
Traceback (most recent call last):
  File "main.py", line 10, in <module>
    data_ingestion.main()
  File "d:\deep_learning_project\src\cnnClassifier\pipeline\stage_01_data_ingestion.py", line 13, in main
    data_ingestion_config = config.get_data_ingestion_config()
AttributeError: 'ConfigurationManager' object has no attribute 'get_data_ingestion_config'
[2024-05-26 19:03:39,563: INFO: main: >>>>>> stage Data Ingestion stage started <<<<<<]
[2024-05-26 19:03:39,567: INFO: common: yaml file: config\config.yaml loaded successfully]
[2024-05-26 19:03:39,571: INFO: common: yaml file: params.yaml loaded successfully]
[2024-05-26 19:03:39,573: INFO: common: created directory at: artifacts]
[2024-05-26 19:03:39,573: ERROR: main: 'ConfigurationManager' object has no attribute 'get_data_ingestion_config']
Traceback (most recent call last):
  File "main.py", line 10, in <module>
    data_ingestion.main()
  File "d:\deep_learning_project\src\cnnClassifier\pipeline\stage_01_data_ingestion.py", line 13, in main
    data_ingestion_config = config.get_data_ingestion_config()
AttributeError: 'ConfigurationManager' object has no attribute 'get_data_ingestion_config'
[2024-05-26 19:06:29,231: INFO: main: >>>>>> stage Data Ingestion stage started <<<<<<]
[2024-05-26 19:06:29,236: INFO: common: yaml file: config\config.yaml loaded successfully]
[2024-05-26 19:06:29,239: INFO: common: yaml file: params.yaml loaded successfully]
[2024-05-26 19:06:29,241: INFO: common: created directory at: artifacts]
[2024-05-26 19:06:29,241: ERROR: main: 'ConfigurationManager' object has no attribute 'get_data_ingestion_config']
Traceback (most recent call last):
  File "main.py", line 10, in <module>
    data_ingestion.main()
  File "d:\deep_learning_project\src\cnnClassifier\pipeline\stage_01_data_ingestion.py", line 13, in main
    data_ingestion_config = config.get_data_ingestion_config()
AttributeError: 'ConfigurationManager' object has no attribute 'get_data_ingestion_config'
[2024-05-26 19:08:18,396: INFO: main: >>>>>> stage Data Ingestion stage started <<<<<<]
[2024-05-26 19:08:18,398: INFO: common: yaml file: config\config.yaml loaded successfully]
[2024-05-26 19:08:18,400: INFO: common: yaml file: params.yaml loaded successfully]
[2024-05-26 19:08:18,401: INFO: common: created directory at: artifacts]
[2024-05-26 19:08:18,401: ERROR: main: 'ConfigurationManager' object has no attribute 'get_data_ingestion_config']
Traceback (most recent call last):
  File "main.py", line 10, in <module>
    data_ingestion.main()
  File "d:\deep_learning_project\src\cnnClassifier\pipeline\stage_01_data_ingestion.py", line 13, in main
    data_ingestion_config = config.get_data_ingestion_config()
AttributeError: 'ConfigurationManager' object has no attribute 'get_data_ingestion_config'
[2024-05-26 19:09:34,591: INFO: main: >>>>>> stage Data Ingestion stage started <<<<<<]
[2024-05-26 19:09:34,594: INFO: common: yaml file: config\config.yaml loaded successfully]
[2024-05-26 19:09:34,596: INFO: common: yaml file: params.yaml loaded successfully]
[2024-05-26 19:09:34,597: INFO: common: created directory at: artifacts]
[2024-05-26 19:09:34,597: INFO: common: created directory at: artifacts/data_ingestion]
[2024-05-26 19:09:34,600: INFO: data_ingestion: Downloading data from https://drive.google.com/file/d/1vlhZ5c7abUKF8xXERIw6m9Te8fW7ohw3/view?usp=sharing into file artifacts/data_ingestion/data.zip]
[2024-05-26 19:09:45,117: INFO: data_ingestion: Downloaded data from https://drive.google.com/file/d/1vlhZ5c7abUKF8xXERIw6m9Te8fW7ohw3/view?usp=sharing into file artifacts/data_ingestion/data.zip]
[2024-05-26 19:09:45,942: INFO: main: >>>>>> stage Data Ingestion stage completed <<<<<<

x==========x]
[2024-05-26 19:09:45,942: INFO: main: *******************]
[2024-05-26 19:09:45,943: INFO: main: >>>>>> stage Prepare base model started <<<<<<]
[2024-05-26 19:09:45,948: INFO: common: yaml file: config\config.yaml loaded successfully]
[2024-05-26 19:09:45,952: INFO: common: yaml file: params.yaml loaded successfully]
[2024-05-26 19:09:45,954: INFO: common: created directory at: artifacts]
[2024-05-26 19:09:45,955: INFO: common: created directory at: artifacts/prepare_base_model]
[2024-05-26 19:09:46,785: WARNING: saving_utils: Compiled the loaded model, but the compiled metrics have yet to be built. `model.compile_metrics` will be empty until you train or evaluate the model.]
[2024-05-26 19:09:47,841: INFO: main: >>>>>> stage Prepare base model completed <<<<<<

x==========x]
[2024-05-26 19:35:57,710: INFO: common: yaml file: config\config.yaml loaded successfully]
[2024-05-26 19:35:57,716: INFO: common: yaml file: params.yaml loaded successfully]
[2024-05-26 19:35:57,718: INFO: common: created directory at: artifacts]
[2024-05-26 19:35:57,720: INFO: common: created directory at: artifacts\training]
[2024-05-26 19:50:17,960: INFO: main: >>>>>> stage Data Ingestion stage started <<<<<<]
[2024-05-26 19:50:17,972: INFO: common: yaml file: config\config.yaml loaded successfully]
[2024-05-26 19:50:17,976: INFO: common: yaml file: params.yaml loaded successfully]
[2024-05-26 19:50:17,980: INFO: common: created directory at: artifacts]
[2024-05-26 19:50:17,981: INFO: common: created directory at: artifacts/data_ingestion]
[2024-05-26 19:50:17,984: INFO: data_ingestion: Downloading data from https://drive.google.com/file/d/1vlhZ5c7abUKF8xXERIw6m9Te8fW7ohw3/view?usp=sharing into file artifacts/data_ingestion/data.zip]
[2024-05-26 19:50:27,410: INFO: data_ingestion: Downloaded data from https://drive.google.com/file/d/1vlhZ5c7abUKF8xXERIw6m9Te8fW7ohw3/view?usp=sharing into file artifacts/data_ingestion/data.zip]
[2024-05-26 19:50:28,075: INFO: main: >>>>>> stage Data Ingestion stage completed <<<<<<

x==========x]
[2024-05-26 19:50:28,076: INFO: main: *******************]
[2024-05-26 19:50:28,077: INFO: main: >>>>>> stage Prepare base model started <<<<<<]
[2024-05-26 19:50:28,081: INFO: common: yaml file: config\config.yaml loaded successfully]
[2024-05-26 19:50:28,084: INFO: common: yaml file: params.yaml loaded successfully]
[2024-05-26 19:50:28,084: INFO: common: created directory at: artifacts]
[2024-05-26 19:50:28,085: INFO: common: created directory at: artifacts/prepare_base_model]
[2024-05-26 19:50:28,989: WARNING: saving_utils: Compiled the loaded model, but the compiled metrics have yet to be built. `model.compile_metrics` will be empty until you train or evaluate the model.]
[2024-05-26 19:50:29,767: INFO: main: >>>>>> stage Prepare base model completed <<<<<<

x==========x]
[2024-05-26 19:50:29,768: INFO: main: *******************]
[2024-05-26 19:50:29,770: INFO: main: >>>>>> stage Training started <<<<<<]
[2024-05-26 19:50:29,775: INFO: common: yaml file: config\config.yaml loaded successfully]
[2024-05-26 19:50:29,778: INFO: common: yaml file: params.yaml loaded successfully]
[2024-05-26 19:50:29,779: INFO: common: created directory at: artifacts]
[2024-05-26 19:50:29,780: INFO: common: created directory at: artifacts\training]
[2024-05-26 19:52:05,640: INFO: main: >>>>>> stage Training completed <<<<<<

x==========x]
[2024-05-26 19:54:51,499: INFO: main: >>>>>> stage Data Ingestion stage started <<<<<<]
[2024-05-26 19:54:51,503: INFO: common: yaml file: config\config.yaml loaded successfully]
[2024-05-26 19:54:51,505: INFO: common: yaml file: params.yaml loaded successfully]
[2024-05-26 19:54:51,506: INFO: common: created directory at: artifacts]
[2024-05-26 19:54:51,508: INFO: common: created directory at: artifacts/data_ingestion]
[2024-05-26 19:54:51,509: INFO: data_ingestion: Downloading data from https://drive.google.com/file/d/1vlhZ5c7abUKF8xXERIw6m9Te8fW7ohw3/view?usp=sharing into file artifacts/data_ingestion/data.zip]
[2024-05-26 19:55:12,541: INFO: data_ingestion: Downloaded data from https://drive.google.com/file/d/1vlhZ5c7abUKF8xXERIw6m9Te8fW7ohw3/view?usp=sharing into file artifacts/data_ingestion/data.zip]
[2024-05-26 19:55:13,375: INFO: main: >>>>>> stage Data Ingestion stage completed <<<<<<

x==========x]
[2024-05-26 19:55:13,375: INFO: main: *******************]
[2024-05-26 19:55:13,376: INFO: main: >>>>>> stage Prepare base model started <<<<<<]
[2024-05-26 19:55:13,379: INFO: common: yaml file: config\config.yaml loaded successfully]
[2024-05-26 19:55:13,382: INFO: common: yaml file: params.yaml loaded successfully]
[2024-05-26 19:55:13,383: INFO: common: created directory at: artifacts]
[2024-05-26 19:55:13,384: INFO: common: created directory at: artifacts/prepare_base_model]
[2024-05-26 19:55:13,910: WARNING: saving_utils: Compiled the loaded model, but the compiled metrics have yet to be built. `model.compile_metrics` will be empty until you train or evaluate the model.]
[2024-05-26 19:55:14,254: INFO: main: >>>>>> stage Prepare base model completed <<<<<<

x==========x]
[2024-05-26 19:55:14,254: INFO: main: *******************]
[2024-05-26 19:55:14,256: INFO: main: >>>>>> stage Training started <<<<<<]
[2024-05-26 19:55:14,259: INFO: common: yaml file: config\config.yaml loaded successfully]
[2024-05-26 19:55:14,261: INFO: common: yaml file: params.yaml loaded successfully]
[2024-05-26 19:55:14,263: INFO: common: created directory at: artifacts]
[2024-05-26 19:55:14,263: INFO: common: created directory at: artifacts\training]
[2024-05-26 19:56:48,086: INFO: main: >>>>>> stage Training completed <<<<<<

x==========x]
